  [1m[35m (0.4ms)[0m  [1m[35mCREATE DATABASE "cats_development" ENCODING = 'unicode'[0m
  [1m[35m (0.3ms)[0m  [1m[35mCREATE DATABASE "cats_test" ENCODING = 'unicode'[0m
  [1m[35m (0.1ms)[0m  [1m[34mSELECT pg_try_advisory_lock(782232805093510260)[0m
  [1m[36mActiveRecord::SchemaMigration Pluck (0.3ms)[0m  [1m[34mSELECT "schema_migrations"."version" FROM "schema_migrations" ORDER BY "schema_migrations"."version" ASC[0m
Migrating to CreateCats (20230219072618)
  [1m[36mTRANSACTION (0.2ms)[0m  [1m[35mBEGIN[0m
  [1m[35m (1.5ms)[0m  [1m[35mCREATE TABLE "cats" ("id" bigserial primary key, "birth_date" date NOT NULL, "color" character varying NOT NULL, "name" character varying NOT NULL, "sex" character varying(1) NOT NULL, "description" text, "created_at" timestamp(6) NOT NULL, "updated_at" timestamp(6) NOT NULL)[0m
  [1m[36mTRANSACTION (0.1ms)[0m  [1m[31mROLLBACK[0m
  [1m[35m (0.2ms)[0m  [1m[34mSELECT pg_advisory_unlock(782232805093510260)[0m
  [1m[36mActiveRecord::SchemaMigration Pluck (0.4ms)[0m  [1m[34mSELECT "schema_migrations"."version" FROM "schema_migrations" ORDER BY "schema_migrations"."version" ASC[0m
  [1m[36mActiveRecord::InternalMetadata Pluck (0.2ms)[0m  [1m[34mSELECT "ar_internal_metadata"."value" FROM "ar_internal_metadata" WHERE "ar_internal_metadata"."key" = $1 LIMIT $2[0m  [["key", "environment"], ["LIMIT", 1]]
  [1m[36mActiveRecord::SchemaMigration Pluck (0.1ms)[0m  [1m[34mSELECT "schema_migrations"."version" FROM "schema_migrations" ORDER BY "schema_migrations"."version" ASC[0m
  [1m[36mActiveRecord::InternalMetadata Pluck (0.1ms)[0m  [1m[34mSELECT "ar_internal_metadata"."value" FROM "ar_internal_metadata" WHERE "ar_internal_metadata"."key" = $1 LIMIT $2[0m  [["key", "environment"], ["LIMIT", 1]]
  [1m[36mActiveRecord::SchemaMigration Pluck (0.1ms)[0m  [1m[34mSELECT "schema_migrations"."version" FROM "schema_migrations" ORDER BY "schema_migrations"."version" ASC[0m
  [1m[36mActiveRecord::InternalMetadata Pluck (0.1ms)[0m  [1m[34mSELECT "ar_internal_metadata"."value" FROM "ar_internal_metadata" WHERE "ar_internal_metadata"."key" = $1 LIMIT $2[0m  [["key", "environment"], ["LIMIT", 1]]
  [1m[35m (11.8ms)[0m  [1m[35mDROP DATABASE IF EXISTS "cats_development"[0m
  [1m[35m (15.4ms)[0m  [1m[35mDROP DATABASE IF EXISTS "cats_test"[0m
  [1m[35m (53.3ms)[0m  [1m[35mCREATE DATABASE "cats_development" ENCODING = 'unicode'[0m
  [1m[35m (51.6ms)[0m  [1m[35mCREATE DATABASE "cats_test" ENCODING = 'unicode'[0m
  [1m[35m (6.2ms)[0m  [1m[35mCREATE TABLE "schema_migrations" ("version" character varying NOT NULL PRIMARY KEY)[0m
  [1m[35m (4.0ms)[0m  [1m[35mCREATE TABLE "ar_internal_metadata" ("key" character varying NOT NULL PRIMARY KEY, "value" character varying, "created_at" timestamp(6) NOT NULL, "updated_at" timestamp(6) NOT NULL)[0m
  [1m[35m (0.1ms)[0m  [1m[34mSELECT pg_try_advisory_lock(782232805093510260)[0m
  [1m[36mActiveRecord::SchemaMigration Pluck (0.3ms)[0m  [1m[34mSELECT "schema_migrations"."version" FROM "schema_migrations" ORDER BY "schema_migrations"."version" ASC[0m
Migrating to CreateCats (20230219072618)
  [1m[36mTRANSACTION (0.2ms)[0m  [1m[35mBEGIN[0m
  [1m[35m (4.5ms)[0m  [1m[35mCREATE TABLE "cats" ("id" bigserial primary key, "birth_date" date NOT NULL, "color" character varying NOT NULL, "name" character varying NOT NULL, "sex" character varying(1) NOT NULL, "description" text, "created_at" timestamp(6) NOT NULL, "updated_at" timestamp(6) NOT NULL)[0m
  [1m[36mActiveRecord::SchemaMigration Create (0.5ms)[0m  [1m[32mINSERT INTO "schema_migrations" ("version") VALUES ($1) RETURNING "version"[0m  [["version", "20230219072618"]]
  [1m[36mTRANSACTION (1.0ms)[0m  [1m[35mCOMMIT[0m
  [1m[36mActiveRecord::InternalMetadata Load (0.2ms)[0m  [1m[34mSELECT "ar_internal_metadata".* FROM "ar_internal_metadata" WHERE "ar_internal_metadata"."key" = $1 LIMIT $2[0m  [["key", "environment"], ["LIMIT", 1]]
  [1m[36mTRANSACTION (0.1ms)[0m  [1m[35mBEGIN[0m
  [1m[36mActiveRecord::InternalMetadata Create (0.4ms)[0m  [1m[32mINSERT INTO "ar_internal_metadata" ("key", "value", "created_at", "updated_at") VALUES ($1, $2, $3, $4) RETURNING "key"[0m  [["key", "environment"], ["value", "development"], ["created_at", "2023-02-19 07:29:23.168886"], ["updated_at", "2023-02-19 07:29:23.168886"]]
  [1m[36mTRANSACTION (0.7ms)[0m  [1m[35mCOMMIT[0m
  [1m[35m (0.2ms)[0m  [1m[34mSELECT pg_advisory_unlock(782232805093510260)[0m
  [1m[36mActiveRecord::SchemaMigration Pluck (0.3ms)[0m  [1m[34mSELECT "schema_migrations"."version" FROM "schema_migrations" ORDER BY "schema_migrations"."version" ASC[0m
  [1m[36mActiveRecord::SchemaMigration Pluck (0.4ms)[0m  [1m[34mSELECT "schema_migrations"."version" FROM "schema_migrations" ORDER BY "schema_migrations"."version" ASC[0m
  [1m[35m (0.1ms)[0m  [1m[34mSELECT pg_try_advisory_lock(782232805093510260)[0m
  [1m[36mActiveRecord::SchemaMigration Pluck (0.3ms)[0m  [1m[34mSELECT "schema_migrations"."version" FROM "schema_migrations" ORDER BY "schema_migrations"."version" ASC[0m
  [1m[36mActiveRecord::InternalMetadata Load (0.4ms)[0m  [1m[34mSELECT "ar_internal_metadata".* FROM "ar_internal_metadata" WHERE "ar_internal_metadata"."key" = $1 LIMIT $2[0m  [["key", "environment"], ["LIMIT", 1]]
  [1m[35m (0.3ms)[0m  [1m[34mSELECT pg_advisory_unlock(782232805093510260)[0m
  [1m[36mActiveRecord::SchemaMigration Pluck (0.3ms)[0m  [1m[34mSELECT "schema_migrations"."version" FROM "schema_migrations" ORDER BY "schema_migrations"."version" ASC[0m
  [1m[36mActiveRecord::SchemaMigration Pluck (0.4ms)[0m  [1m[34mSELECT "schema_migrations"."version" FROM "schema_migrations" ORDER BY "schema_migrations"."version" ASC[0m
  [1m[36mTRANSACTION (0.2ms)[0m  [1m[35mBEGIN[0m
  [1m[36mCat Create (0.6ms)[0m  [1m[32mINSERT INTO "cats" ("birth_date", "color", "name", "sex", "description", "created_at", "updated_at") VALUES ($1, $2, $3, $4, $5, $6, $7) RETURNING "id"[0m  [["birth_date", "2015-01-20"], ["color", "Tabby"], ["name", "Fluffy"], ["sex", "M"], ["description", nil], ["created_at", "2023-02-19 07:32:52.542046"], ["updated_at", "2023-02-19 07:32:52.542046"]]
  [1m[36mTRANSACTION (1.3ms)[0m  [1m[35mCOMMIT[0m
  [1m[36mTRANSACTION (0.1ms)[0m  [1m[35mBEGIN[0m
  [1m[36mCat Create (0.2ms)[0m  [1m[32mINSERT INTO "cats" ("birth_date", "color", "name", "sex", "description", "created_at", "updated_at") VALUES ($1, $2, $3, $4, $5, $6, $7) RETURNING "id"[0m  [["birth_date", "2019-06-10"], ["color", "Black"], ["name", "Whiskers"], ["sex", "F"], ["description", nil], ["created_at", "2023-02-19 07:32:52.547540"], ["updated_at", "2023-02-19 07:32:52.547540"]]
  [1m[36mTRANSACTION (0.7ms)[0m  [1m[35mCOMMIT[0m
  [1m[36mTRANSACTION (0.1ms)[0m  [1m[35mBEGIN[0m
  [1m[36mCat Create (0.2ms)[0m  [1m[32mINSERT INTO "cats" ("birth_date", "color", "name", "sex", "description", "created_at", "updated_at") VALUES ($1, $2, $3, $4, $5, $6, $7) RETURNING "id"[0m  [["birth_date", "2017-09-01"], ["color", "Calico"], ["name", "Mittens"], ["sex", "F"], ["description", nil], ["created_at", "2023-02-19 07:32:52.550560"], ["updated_at", "2023-02-19 07:32:52.550560"]]
  [1m[36mTRANSACTION (0.8ms)[0m  [1m[35mCOMMIT[0m
  [1m[36mTRANSACTION (0.1ms)[0m  [1m[35mBEGIN[0m
  [1m[36mCat Create (0.1ms)[0m  [1m[32mINSERT INTO "cats" ("birth_date", "color", "name", "sex", "description", "created_at", "updated_at") VALUES ($1, $2, $3, $4, $5, $6, $7) RETURNING "id"[0m  [["birth_date", "2018-04-15"], ["color", "Ginger"], ["name", "Socks"], ["sex", "M"], ["description", nil], ["created_at", "2023-02-19 07:32:52.559654"], ["updated_at", "2023-02-19 07:32:52.559654"]]
  [1m[36mTRANSACTION (0.7ms)[0m  [1m[35mCOMMIT[0m
Started GET "/" for ::1 at 2023-02-19 02:33:09 -0500
  [1m[36mActiveRecord::SchemaMigration Pluck (0.4ms)[0m  [1m[34mSELECT "schema_migrations"."version" FROM "schema_migrations" ORDER BY "schema_migrations"."version" ASC[0m
Processing by CatsController#index as HTML
  Rendering layout layouts/application.html.erb
  Rendering cats/index.html.erb within layouts/application
  Rendered cats/index.html.erb within layouts/application (Duration: 16.0ms | Allocations: 332)
  Rendered layout layouts/application.html.erb (Duration: 611.0ms | Allocations: 6894)
Completed 200 OK in 732ms (Views: 694.0ms | ActiveRecord: 0.0ms | Allocations: 10312)


Started GET "/" for ::1 at 2023-02-19 08:21:49 -0500
  [1m[36mActiveRecord::SchemaMigration Pluck (0.9ms)[0m  [1m[34mSELECT "schema_migrations"."version" FROM "schema_migrations" ORDER BY "schema_migrations"."version" ASC[0m
Processing by CatsController#index as HTML
  Rendering layout layouts/application.html.erb
  Rendering cats/index.html.erb within layouts/application
  Rendered cats/index.html.erb within layouts/application (Duration: 15.1ms | Allocations: 332)
  Rendered layout layouts/application.html.erb (Duration: 222.3ms | Allocations: 3764)
Completed 200 OK in 339ms (Views: 304.7ms | ActiveRecord: 0.0ms | Allocations: 7191)


Started GET "/" for ::1 at 2023-02-19 08:26:22 -0500
Processing by CatsController#index as HTML
  Rendering layout layouts/application.html.erb
  Rendering cats/index.html.erb within layouts/application
  Rendered cats/index.html.erb within layouts/application (Duration: 17.2ms | Allocations: 2359)
  Rendered layout layouts/application.html.erb (Duration: 18.2ms | Allocations: 2458)
Completed 500 Internal Server Error in 35ms (ActiveRecord: 0.0ms | Allocations: 3185)



ActionView::SyntaxErrorInTemplate - Encountered a syntax error while rendering template: check <div>
<table>
<% @cats.each do |cat| %>
<tr>
<th>Name</th></tr>
<tr>
<td>
<%= @cats.name %></td></tr>
</table>
</div>:
  app/controllers/cats_controller.rb:4:in `index'

Started POST "/__better_errors/f2003194bbe2e98a/variables" for ::1 at 2023-02-19 08:26:22 -0500
  [1m[36mCat Load (0.7ms)[0m  [1m[34mSELECT "cats".* FROM "cats" /* loading for inspect */ LIMIT $1[0m  [["LIMIT", 11]]
  ↳ (eval):72:in `block in render'
Started GET "/" for ::1 at 2023-02-19 08:27:05 -0500
Processing by CatsController#index as HTML
  Rendering layout layouts/application.html.erb
  Rendering cats/index.html.erb within layouts/application
  Rendered cats/index.html.erb within layouts/application (Duration: 4.3ms | Allocations: 1584)
  Rendered layout layouts/application.html.erb (Duration: 5.0ms | Allocations: 1674)
Completed 500 Internal Server Error in 23ms (ActiveRecord: 0.0ms | Allocations: 2386)



ActionView::SyntaxErrorInTemplate - Encountered a syntax error while rendering template: check <div>
<table>
<tr>
<th>Name</th></tr>
<tr>
<td>
<% @cats.each do |cat| %>
<%= @cats.name %></td></tr>
</table>
</div>:
  app/controllers/cats_controller.rb:4:in `index'

Started POST "/__better_errors/40b296e946fa5c09/variables" for ::1 at 2023-02-19 08:27:05 -0500
  [1m[36mCat Load (0.4ms)[0m  [1m[34mSELECT "cats".* FROM "cats" /* loading for inspect */ LIMIT $1[0m  [["LIMIT", 11]]
  ↳ (eval):72:in `block in render'
Started GET "/" for ::1 at 2023-02-19 08:27:06 -0500
Processing by CatsController#index as HTML
  Rendering layout layouts/application.html.erb
  Rendering cats/index.html.erb within layouts/application
  Rendered cats/index.html.erb within layouts/application (Duration: 4.2ms | Allocations: 1565)
  Rendered layout layouts/application.html.erb (Duration: 4.9ms | Allocations: 1647)
Completed 500 Internal Server Error in 6ms (ActiveRecord: 0.0ms | Allocations: 1903)



ActionView::SyntaxErrorInTemplate - Encountered a syntax error while rendering template: check <div>
<table>
<tr>
<th>Name</th></tr>
<tr>
<td>
<% @cats.each do |cat| %>
<%= @cats.name %></td></tr>
</table>
</div>:
  app/controllers/cats_controller.rb:4:in `index'

Started POST "/__better_errors/bedf555feb10d934/variables" for ::1 at 2023-02-19 08:27:06 -0500
  [1m[36mCat Load (0.2ms)[0m  [1m[34mSELECT "cats".* FROM "cats" /* loading for inspect */ LIMIT $1[0m  [["LIMIT", 11]]
  ↳ (eval):72:in `block in render'
Started GET "/" for ::1 at 2023-02-19 08:27:26 -0500
Processing by CatsController#index as HTML
  Rendering layout layouts/application.html.erb
  Rendering cats/index.html.erb within layouts/application
  Rendered cats/index.html.erb within layouts/application (Duration: 4.9ms | Allocations: 1586)
  Rendered layout layouts/application.html.erb (Duration: 5.8ms | Allocations: 1676)
Completed 500 Internal Server Error in 23ms (ActiveRecord: 0.0ms | Allocations: 2383)



ActionView::SyntaxErrorInTemplate - Encountered a syntax error while rendering template: check <div>
<table>
<tr>
<th>Name</th></tr>
<td>
<% @cats.each do |cat| %>
<%= @cats.name %></td>
</table>
</div>:
  app/controllers/cats_controller.rb:4:in `index'

Started POST "/__better_errors/d0d2899f75190050/variables" for ::1 at 2023-02-19 08:27:27 -0500
  [1m[36mCat Load (0.2ms)[0m  [1m[34mSELECT "cats".* FROM "cats" /* loading for inspect */ LIMIT $1[0m  [["LIMIT", 11]]
  ↳ (eval):72:in `block in render'
Started GET "/" for ::1 at 2023-02-19 08:27:45 -0500
Processing by CatsController#index as HTML
  Rendering layout layouts/application.html.erb
  Rendering cats/index.html.erb within layouts/application
  Rendered cats/index.html.erb within layouts/application (Duration: 4.0ms | Allocations: 122)
  Rendered layout layouts/application.html.erb (Duration: 52.4ms | Allocations: 1677)
Completed 200 OK in 69ms (Views: 68.4ms | ActiveRecord: 0.0ms | Allocations: 2402)


Started GET "/" for ::1 at 2023-02-19 08:34:39 -0500
Processing by CatsController#index as HTML
  Rendering layout layouts/application.html.erb
  Rendering cats/index.html.erb within layouts/application
  [1m[36mCat Load (0.2ms)[0m  [1m[34mSELECT "cats".* FROM "cats"[0m
  ↳ app/views/cats/index.html.erb:4
  Rendered cats/index.html.erb within layouts/application (Duration: 12.8ms | Allocations: 3915)
  Rendered layout layouts/application.html.erb (Duration: 62.2ms | Allocations: 5422)
Completed 200 OK in 80ms (Views: 79.4ms | ActiveRecord: 3.0ms | Allocations: 6132)


Started GET "/" for ::1 at 2023-02-19 08:40:11 -0500
  [1m[36mActiveRecord::SchemaMigration Pluck (0.3ms)[0m  [1m[34mSELECT "schema_migrations"."version" FROM "schema_migrations" ORDER BY "schema_migrations"."version" ASC[0m
Processing by CatsController#index as HTML
  Rendering layout layouts/application.html.erb
  Rendering cats/index.html.erb within layouts/application
  [1m[36mCat Load (0.8ms)[0m  [1m[34mSELECT "cats".* FROM "cats"[0m
  ↳ app/views/cats/index.html.erb:4
  Rendered cats/index.html.erb within layouts/application (Duration: 37.7ms | Allocations: 6828)
  Rendered layout layouts/application.html.erb (Duration: 243.6ms | Allocations: 10392)
Completed 200 OK in 362ms (Views: 323.9ms | ActiveRecord: 2.9ms | Allocations: 13812)


Started GET "/" for ::1 at 2023-02-19 08:41:11 -0500
Processing by CatsController#index as HTML
  Rendering layout layouts/application.html.erb
  Rendering cats/index.html.erb within layouts/application
  [1m[36mCat Load (0.2ms)[0m  [1m[34mSELECT "cats".* FROM "cats"[0m
  ↳ app/views/cats/index.html.erb:4
  Rendered cats/index.html.erb within layouts/application (Duration: 7.4ms | Allocations: 902)
  Rendered layout layouts/application.html.erb (Duration: 62.4ms | Allocations: 2424)
Completed 200 OK in 81ms (Views: 80.3ms | ActiveRecord: 0.2ms | Allocations: 3152)


Started GET "/" for ::1 at 2023-02-19 08:41:50 -0500
Processing by CatsController#index as HTML
  Rendering layout layouts/application.html.erb
  Rendering cats/index.html.erb within layouts/application
  [1m[36mCat Load (0.2ms)[0m  [1m[34mSELECT "cats".* FROM "cats"[0m
  ↳ app/views/cats/index.html.erb:3
  Rendered cats/index.html.erb within layouts/application (Duration: 6.2ms | Allocations: 898)
  Rendered layout layouts/application.html.erb (Duration: 59.1ms | Allocations: 2432)
Completed 200 OK in 78ms (Views: 77.4ms | ActiveRecord: 0.2ms | Allocations: 3158)


Started GET "/" for ::1 at 2023-02-19 08:42:08 -0500
Processing by CatsController#index as HTML
  Rendering layout layouts/application.html.erb
  Rendering cats/index.html.erb within layouts/application
  [1m[36mCat Load (0.2ms)[0m  [1m[34mSELECT "cats".* FROM "cats"[0m
  ↳ app/views/cats/index.html.erb:3
  Rendered cats/index.html.erb within layouts/application (Duration: 7.4ms | Allocations: 897)
  Rendered layout layouts/application.html.erb (Duration: 59.6ms | Allocations: 2437)
Completed 200 OK in 76ms (Views: 75.9ms | ActiveRecord: 0.2ms | Allocations: 3163)


Started GET "/" for ::1 at 2023-02-19 08:42:12 -0500
Processing by CatsController#index as HTML
  Rendering layout layouts/application.html.erb
  Rendering cats/index.html.erb within layouts/application
  [1m[36mCat Load (0.3ms)[0m  [1m[34mSELECT "cats".* FROM "cats"[0m
  ↳ app/views/cats/index.html.erb:3
  Rendered cats/index.html.erb within layouts/application (Duration: 7.3ms | Allocations: 897)
  Rendered layout layouts/application.html.erb (Duration: 63.8ms | Allocations: 2414)
Completed 200 OK in 80ms (Views: 79.6ms | ActiveRecord: 0.3ms | Allocations: 3141)


Started GET "/" for ::1 at 2023-02-19 08:43:48 -0500
Processing by CatsController#index as HTML
  Rendering layout layouts/application.html.erb
  Rendering cats/index.html.erb within layouts/application
  [1m[36mCat Load (0.2ms)[0m  [1m[34mSELECT "cats".* FROM "cats"[0m
  ↳ app/views/cats/index.html.erb:3
  Rendered cats/index.html.erb within layouts/application (Duration: 6.6ms | Allocations: 894)
  Rendered layout layouts/application.html.erb (Duration: 54.6ms | Allocations: 2407)
Completed 200 OK in 71ms (Views: 70.7ms | ActiveRecord: 0.2ms | Allocations: 3122)


Started GET "/" for ::1 at 2023-02-19 08:44:27 -0500
Processing by CatsController#index as HTML
  Rendering layout layouts/application.html.erb
  Rendering cats/index.html.erb within layouts/application
  [1m[36mCat Load (0.2ms)[0m  [1m[34mSELECT "cats".* FROM "cats"[0m
  ↳ app/views/cats/index.html.erb:3
  Rendered cats/index.html.erb within layouts/application (Duration: 5.7ms | Allocations: 913)
  Rendered layout layouts/application.html.erb (Duration: 51.8ms | Allocations: 2426)
Completed 200 OK in 68ms (Views: 67.6ms | ActiveRecord: 0.2ms | Allocations: 3141)


Started GET "/" for ::1 at 2023-02-19 08:44:46 -0500
Processing by CatsController#index as HTML
  Rendering layout layouts/application.html.erb
  Rendering cats/index.html.erb within layouts/application
  [1m[36mCat Load (0.3ms)[0m  [1m[34mSELECT "cats".* FROM "cats"[0m
  ↳ app/views/cats/index.html.erb:3
  Rendered cats/index.html.erb within layouts/application (Duration: 6.3ms | Allocations: 937)
  Rendered layout layouts/application.html.erb (Duration: 57.3ms | Allocations: 2456)
Completed 200 OK in 73ms (Views: 72.4ms | ActiveRecord: 0.3ms | Allocations: 3171)


Started GET "/" for ::1 at 2023-02-19 08:45:04 -0500
Processing by CatsController#index as HTML
  Rendering layout layouts/application.html.erb
  Rendering cats/index.html.erb within layouts/application
  [1m[36mCat Load (0.2ms)[0m  [1m[34mSELECT "cats".* FROM "cats"[0m
  ↳ app/views/cats/index.html.erb:3
  Rendered cats/index.html.erb within layouts/application (Duration: 5.6ms | Allocations: 935)
  Rendered layout layouts/application.html.erb (Duration: 56.8ms | Allocations: 2446)
Completed 200 OK in 72ms (Views: 71.4ms | ActiveRecord: 0.2ms | Allocations: 3162)


Started GET "/" for ::1 at 2023-02-19 08:45:12 -0500
Processing by CatsController#index as HTML
  Rendering layout layouts/application.html.erb
  Rendering cats/index.html.erb within layouts/application
  [1m[36mCat Load (0.2ms)[0m  [1m[34mSELECT "cats".* FROM "cats"[0m
  ↳ app/views/cats/index.html.erb:3
  Rendered cats/index.html.erb within layouts/application (Duration: 6.3ms | Allocations: 935)
  Rendered layout layouts/application.html.erb (Duration: 54.5ms | Allocations: 2454)
Completed 200 OK in 71ms (Views: 70.6ms | ActiveRecord: 0.2ms | Allocations: 3169)


Started GET "/" for ::1 at 2023-02-19 08:45:56 -0500
Processing by CatsController#index as HTML
  Rendering layout layouts/application.html.erb
  Rendering cats/index.html.erb within layouts/application
  [1m[36mCat Load (0.2ms)[0m  [1m[34mSELECT "cats".* FROM "cats"[0m
  ↳ app/views/cats/index.html.erb:3
  Rendered cats/index.html.erb within layouts/application (Duration: 6.0ms | Allocations: 938)
  Rendered layout layouts/application.html.erb (Duration: 56.8ms | Allocations: 2448)
Completed 200 OK in 74ms (Views: 73.7ms | ActiveRecord: 0.2ms | Allocations: 3163)


Started GET "/" for ::1 at 2023-02-19 08:46:21 -0500
Processing by CatsController#index as HTML
  Rendering layout layouts/application.html.erb
  Rendering cats/index.html.erb within layouts/application
  [1m[36mCat Load (0.3ms)[0m  [1m[34mSELECT "cats".* FROM "cats"[0m
  ↳ app/views/cats/index.html.erb:3
  Rendered cats/index.html.erb within layouts/application (Duration: 7.0ms | Allocations: 940)
  Rendered layout layouts/application.html.erb (Duration: 57.6ms | Allocations: 2450)
Completed 200 OK in 76ms (Views: 75.2ms | ActiveRecord: 0.3ms | Allocations: 3165)


Started GET "/" for ::1 at 2023-02-19 08:46:41 -0500
Processing by CatsController#index as HTML
  Rendering layout layouts/application.html.erb
  Rendering cats/index.html.erb within layouts/application
  [1m[36mCat Load (0.2ms)[0m  [1m[34mSELECT "cats".* FROM "cats"[0m
  ↳ app/views/cats/index.html.erb:3
  Rendered cats/index.html.erb within layouts/application (Duration: 19.6ms | Allocations: 941)
  Rendered layout layouts/application.html.erb (Duration: 67.8ms | Allocations: 2470)
Completed 200 OK in 92ms (Views: 92.0ms | ActiveRecord: 0.2ms | Allocations: 3186)


Started GET "/" for ::1 at 2023-02-19 08:47:31 -0500
Processing by CatsController#index as HTML
  Rendering layout layouts/application.html.erb
  Rendering cats/index.html.erb within layouts/application
  [1m[36mCat Load (0.2ms)[0m  [1m[34mSELECT "cats".* FROM "cats"[0m
  ↳ app/views/cats/index.html.erb:3
  Rendered cats/index.html.erb within layouts/application (Duration: 6.6ms | Allocations: 941)
  Rendered layout layouts/application.html.erb (Duration: 59.0ms | Allocations: 2449)
Completed 200 OK in 77ms (Views: 76.4ms | ActiveRecord: 0.2ms | Allocations: 3164)


Started GET "/" for ::1 at 2023-02-19 08:47:45 -0500
Processing by CatsController#index as HTML
  Rendering layout layouts/application.html.erb
  Rendering cats/index.html.erb within layouts/application
  [1m[36mCat Load (0.2ms)[0m  [1m[34mSELECT "cats".* FROM "cats"[0m
  ↳ app/views/cats/index.html.erb:3
  Rendered cats/index.html.erb within layouts/application (Duration: 5.9ms | Allocations: 940)
  Rendered layout layouts/application.html.erb (Duration: 56.8ms | Allocations: 2462)
Completed 200 OK in 74ms (Views: 73.3ms | ActiveRecord: 0.2ms | Allocations: 3177)


Started GET "/" for ::1 at 2023-02-19 08:49:49 -0500
Processing by CatsController#index as HTML
  Rendering layout layouts/application.html.erb
  Rendering cats/index.html.erb within layouts/application
  [1m[36mCat Load (0.2ms)[0m  [1m[34mSELECT "cats".* FROM "cats"[0m
  ↳ app/views/cats/index.html.erb:3
  Rendered cats/index.html.erb within layouts/application (Duration: 5.6ms | Allocations: 940)
  Rendered layout layouts/application.html.erb (Duration: 50.4ms | Allocations: 2451)
Completed 200 OK in 66ms (Views: 65.8ms | ActiveRecord: 0.2ms | Allocations: 3166)


Started GET "/" for ::1 at 2023-02-19 09:07:09 -0500
Processing by CatsController#index as HTML
  Rendering layout layouts/application.html.erb
  Rendering cats/index.html.erb within layouts/application
  [1m[36mCat Load (0.4ms)[0m  [1m[34mSELECT "cats".* FROM "cats"[0m
  ↳ app/views/cats/index.html.erb:3
  Rendered cats/index.html.erb within layouts/application (Duration: 18.0ms | Allocations: 5963)
  Rendered layout layouts/application.html.erb (Duration: 67.9ms | Allocations: 7498)
Completed 200 OK in 118ms (Views: 84.1ms | ActiveRecord: 4.4ms | Allocations: 9282)


Started GET "/cats/1" for ::1 at 2023-02-19 09:07:14 -0500
Processing by CatsController#show as HTML
  Parameters: {"id"=>"1"}
  [1m[36mCat Load (0.3ms)[0m  [1m[34mSELECT "cats".* FROM "cats" WHERE "cats"."id" = $1 LIMIT $2[0m  [["id", 1], ["LIMIT", 1]]
  ↳ app/controllers/cats_controller.rb:8:in `show'
Completed 500 Internal Server Error in 21ms (ActiveRecord: 0.4ms | Allocations: 6444)



NoMethodError - undefined method `redner' for #<CatsController:0x00000000005bb8>
    redner :show
    ^^^^^^
Did you mean?  render:
  app/controllers/cats_controller.rb:9:in `show'

Started POST "/__better_errors/4a39a58624390e5b/variables" for ::1 at 2023-02-19 09:07:14 -0500
Started GET "/cats/1" for ::1 at 2023-02-19 09:07:30 -0500
Processing by CatsController#show as HTML
  Parameters: {"id"=>"1"}
  [1m[36mCat Load (0.2ms)[0m  [1m[34mSELECT "cats".* FROM "cats" WHERE "cats"."id" = $1 LIMIT $2[0m  [["id", 1], ["LIMIT", 1]]
  ↳ app/controllers/cats_controller.rb:8:in `show'
  Rendering layout layouts/application.html.erb
  Rendering cats/show.html.erb within layouts/application
  Rendered cats/show.html.erb within layouts/application (Duration: 19.5ms | Allocations: 3489)
  Rendered layout layouts/application.html.erb (Duration: 20.5ms | Allocations: 3586)
Completed 500 Internal Server Error in 82ms (ActiveRecord: 4.2ms | Allocations: 8874)



NoMethodError - undefined method `each' for nil:NilClass:
  app/views/cats/show.html.erb:3
  app/controllers/cats_controller.rb:9:in `show'

Started POST "/__better_errors/f19e791f45b72c26/variables" for ::1 at 2023-02-19 09:07:31 -0500
Started GET "/cats/1" for ::1 at 2023-02-19 09:07:33 -0500
Processing by CatsController#show as HTML
  Parameters: {"id"=>"1"}
  [1m[36mCat Load (0.2ms)[0m  [1m[34mSELECT "cats".* FROM "cats" WHERE "cats"."id" = $1 LIMIT $2[0m  [["id", 1], ["LIMIT", 1]]
  ↳ app/controllers/cats_controller.rb:8:in `show'
  Rendering layout layouts/application.html.erb
  Rendering cats/show.html.erb within layouts/application
  Rendered cats/show.html.erb within layouts/application (Duration: 1.1ms | Allocations: 2612)
  Rendered layout layouts/application.html.erb (Duration: 1.7ms | Allocations: 2692)
Completed 500 Internal Server Error in 4ms (ActiveRecord: 0.2ms | Allocations: 3497)



NoMethodError - undefined method `each' for nil:NilClass:
  app/views/cats/show.html.erb:3
  app/controllers/cats_controller.rb:9:in `show'

Started POST "/__better_errors/2e37c03bb14ed9bb/variables" for ::1 at 2023-02-19 09:07:33 -0500
Started GET "/cats/1" for ::1 at 2023-02-19 09:08:13 -0500
Processing by CatsController#show as HTML
  Parameters: {"id"=>"1"}
  [1m[36mCat Load (0.2ms)[0m  [1m[34mSELECT "cats".* FROM "cats" WHERE "cats"."id" = $1 LIMIT $2[0m  [["id", 1], ["LIMIT", 1]]
  ↳ app/controllers/cats_controller.rb:8:in `show'
  Rendering layout layouts/application.html.erb
  Rendering cats/show.html.erb within layouts/application
  Rendered cats/show.html.erb within layouts/application (Duration: 4.4ms | Allocations: 1649)
  Rendered layout layouts/application.html.erb (Duration: 5.1ms | Allocations: 1738)
Completed 500 Internal Server Error in 23ms (ActiveRecord: 0.2ms | Allocations: 3001)



ActionView::SyntaxErrorInTemplate - Encountered a syntax error while rendering template: check 
<table style="border: 1px solid red">
    <tr>
       <th style="border: 1px solid red";>Rent Me</th>
    </tr>
       <tr>
        <td>
            name:<%= @cat.name %></tr>
         </td>
       <tr>
            <td>sex:<%= @cat.sex%></td>
        </tr>
        <tr>
            <td>color:<%= @cat.color%></td>
        </tr>
    <% end %>
</table>:
  app/controllers/cats_controller.rb:9:in `show'

Started POST "/__better_errors/aba6e983a81eccc4/variables" for ::1 at 2023-02-19 09:08:13 -0500
Started GET "/cats/1" for ::1 at 2023-02-19 09:08:22 -0500
Processing by CatsController#show as HTML
  Parameters: {"id"=>"1"}
  [1m[36mCat Load (0.2ms)[0m  [1m[34mSELECT "cats".* FROM "cats" WHERE "cats"."id" = $1 LIMIT $2[0m  [["id", 1], ["LIMIT", 1]]
  ↳ app/controllers/cats_controller.rb:8:in `show'
  Rendering layout layouts/application.html.erb
  Rendering cats/show.html.erb within layouts/application
  Rendered cats/show.html.erb within layouts/application (Duration: 5.5ms | Allocations: 1623)
  Rendered layout layouts/application.html.erb (Duration: 6.2ms | Allocations: 1712)
Completed 500 Internal Server Error in 28ms (ActiveRecord: 0.2ms | Allocations: 2972)



ActionView::SyntaxErrorInTemplate - Encountered a syntax error while rendering template: check 
<table style="border: 1px solid red">
    <tr>
       <th style="border: 1px solid red">Rent Me</th>
    </tr>
       <tr>
        <td>
            name:<%= @cat.name %></tr>
         </td>
       <tr>
            <td>sex:<%= @cat.sex%></td>
        </tr>
        <tr>
            <td>color:<%= @cat.color%></td>
        </tr>
    <% end %>
</table>:
  app/controllers/cats_controller.rb:9:in `show'

Started POST "/__better_errors/2fd97ffbf356d82d/variables" for ::1 at 2023-02-19 09:08:23 -0500
Started GET "/cats/1" for ::1 at 2023-02-19 09:08:24 -0500
Processing by CatsController#show as HTML
  Parameters: {"id"=>"1"}
  [1m[36mCat Load (0.2ms)[0m  [1m[34mSELECT "cats".* FROM "cats" WHERE "cats"."id" = $1 LIMIT $2[0m  [["id", 1], ["LIMIT", 1]]
  ↳ app/controllers/cats_controller.rb:8:in `show'
  Rendering layout layouts/application.html.erb
  Rendering cats/show.html.erb within layouts/application
  Rendered cats/show.html.erb within layouts/application (Duration: 4.0ms | Allocations: 1605)
  Rendered layout layouts/application.html.erb (Duration: 4.7ms | Allocations: 1686)
Completed 500 Internal Server Error in 8ms (ActiveRecord: 0.2ms | Allocations: 2492)



ActionView::SyntaxErrorInTemplate - Encountered a syntax error while rendering template: check 
<table style="border: 1px solid red">
    <tr>
       <th style="border: 1px solid red">Rent Me</th>
    </tr>
       <tr>
        <td>
            name:<%= @cat.name %></tr>
         </td>
       <tr>
            <td>sex:<%= @cat.sex%></td>
        </tr>
        <tr>
            <td>color:<%= @cat.color%></td>
        </tr>
    <% end %>
</table>:
  app/controllers/cats_controller.rb:9:in `show'

Started POST "/__better_errors/a39b6a82ae539625/variables" for ::1 at 2023-02-19 09:08:24 -0500
Started GET "/cats/1" for ::1 at 2023-02-19 09:09:15 -0500
Processing by CatsController#show as HTML
  Parameters: {"id"=>"1"}
  [1m[36mCat Load (0.2ms)[0m  [1m[34mSELECT "cats".* FROM "cats" WHERE "cats"."id" = $1 LIMIT $2[0m  [["id", 1], ["LIMIT", 1]]
  ↳ app/controllers/cats_controller.rb:8:in `show'
  Rendering layout layouts/application.html.erb
  Rendering cats/show.html.erb within layouts/application
  Rendered cats/show.html.erb within layouts/application (Duration: 3.9ms | Allocations: 210)
  Rendered layout layouts/application.html.erb (Duration: 54.3ms | Allocations: 1750)
Completed 200 OK in 74ms (Views: 72.1ms | ActiveRecord: 0.2ms | Allocations: 3047)


Started GET "/cats/1" for ::1 at 2023-02-19 09:09:21 -0500
Processing by CatsController#show as HTML
  Parameters: {"id"=>"1"}
  [1m[36mCat Load (0.2ms)[0m  [1m[34mSELECT "cats".* FROM "cats" WHERE "cats"."id" = $1 LIMIT $2[0m  [["id", 1], ["LIMIT", 1]]
  ↳ app/controllers/cats_controller.rb:8:in `show'
  Rendering layout layouts/application.html.erb
  Rendering cats/show.html.erb within layouts/application
  Rendered cats/show.html.erb within layouts/application (Duration: 3.9ms | Allocations: 178)
  Rendered layout layouts/application.html.erb (Duration: 56.2ms | Allocations: 1703)
Completed 200 OK in 76ms (Views: 74.2ms | ActiveRecord: 0.2ms | Allocations: 2971)


Started GET "/cats/2" for ::1 at 2023-02-19 09:09:24 -0500
Processing by CatsController#show as HTML
  Parameters: {"id"=>"2"}
  [1m[36mCat Load (0.2ms)[0m  [1m[34mSELECT "cats".* FROM "cats" WHERE "cats"."id" = $1 LIMIT $2[0m  [["id", 2], ["LIMIT", 1]]
  ↳ app/controllers/cats_controller.rb:8:in `show'
  Rendering layout layouts/application.html.erb
  Rendering cats/show.html.erb within layouts/application
  Rendered cats/show.html.erb within layouts/application (Duration: 0.1ms | Allocations: 13)
  Rendered layout layouts/application.html.erb (Duration: 46.0ms | Allocations: 1126)
Completed 200 OK in 50ms (Views: 47.1ms | ActiveRecord: 0.2ms | Allocations: 1908)


Started GET "/cats" for ::1 at 2023-02-19 09:09:32 -0500
Processing by CatsController#index as HTML
  Rendering layout layouts/application.html.erb
  Rendering cats/index.html.erb within layouts/application
  [1m[36mCat Load (0.4ms)[0m  [1m[34mSELECT "cats".* FROM "cats"[0m
  ↳ app/views/cats/index.html.erb:3
  Rendered cats/index.html.erb within layouts/application (Duration: 6.4ms | Allocations: 864)
  Rendered layout layouts/application.html.erb (Duration: 57.6ms | Allocations: 2008)
Completed 200 OK in 66ms (Views: 65.0ms | ActiveRecord: 0.4ms | Allocations: 2279)


Started GET "/cats/new" for ::1 at 2023-02-19 09:19:59 -0500
Processing by CatsController#new as HTML
  Rendering layout layouts/application.html.erb
  Rendering cats/new.html.erb within layouts/application
  Rendered cats/new.html.erb within layouts/application (Duration: 4.7ms | Allocations: 309)
  Rendered layout layouts/application.html.erb (Duration: 61.8ms | Allocations: 1850)
Completed 200 OK in 119ms (Views: 77.4ms | ActiveRecord: 2.6ms | Allocations: 8533)


Started POST "/cats" for ::1 at 2023-02-19 09:20:30 -0500
Processing by CatsController#create as HTML
  Parameters: {"cat"=>{"name"=>"Nero", "sex"=>"M", "color"=>"Black", "birth_date"=>"2023-02-28", "description"=>"sdsd"}}
Can't verify CSRF token authenticity.
Completed 422 Unprocessable Entity in 1ms (ActiveRecord: 0.0ms | Allocations: 726)



ActionController::InvalidAuthenticityToken - Can't verify CSRF token authenticity.:

Started POST "/__better_errors/8a75a4938f679113/variables" for ::1 at 2023-02-19 09:20:30 -0500
Started POST "/cats" for ::1 at 2023-02-19 09:20:41 -0500
Processing by CatsController#create as HTML
  Parameters: {"cat"=>{"name"=>"Nero", "sex"=>"M", "color"=>"Black", "birth_date"=>"2022-10-27", "description"=>"sdsd"}}
Can't verify CSRF token authenticity.
Completed 422 Unprocessable Entity in 1ms (ActiveRecord: 0.0ms | Allocations: 659)



ActionController::InvalidAuthenticityToken - Can't verify CSRF token authenticity.:

Started POST "/__better_errors/90f464eb3b83898b/variables" for ::1 at 2023-02-19 09:20:41 -0500
Started GET "/cats" for ::1 at 2023-02-19 09:22:07 -0500
Processing by CatsController#index as HTML
  Rendering layout layouts/application.html.erb
  Rendering cats/index.html.erb within layouts/application
  [1m[36mCat Load (0.4ms)[0m  [1m[34mSELECT "cats".* FROM "cats"[0m
  ↳ app/views/cats/index.html.erb:3
  Rendered cats/index.html.erb within layouts/application (Duration: 7.0ms | Allocations: 1116)
  Rendered layout layouts/application.html.erb (Duration: 62.3ms | Allocations: 2651)
Completed 200 OK in 80ms (Views: 78.8ms | ActiveRecord: 0.4ms | Allocations: 3427)


Started GET "/cats/new" for ::1 at 2023-02-19 09:22:09 -0500
Processing by CatsController#new as HTML
  Rendering layout layouts/application.html.erb
  Rendering cats/new.html.erb within layouts/application
  Rendered cats/new.html.erb within layouts/application (Duration: 8.4ms | Allocations: 5250)
  Rendered layout layouts/application.html.erb (Duration: 9.3ms | Allocations: 5329)
Completed 500 Internal Server Error in 17ms (ActiveRecord: 0.0ms | Allocations: 5612)



NameError - undefined local variable or method `action' for #<ActionView::Base:0x00000000007ad0>
Did you mean?  action_url:
  app/views/cats/new.html.erb:1
  app/controllers/cats_controller.rb:14:in `new'

Started POST "/__better_errors/e084985cbfe7d3df/variables" for ::1 at 2023-02-19 09:22:09 -0500
Started GET "/cats/new" for ::1 at 2023-02-19 09:27:09 -0500
Processing by CatsController#new as HTML
  Rendering layout layouts/application.html.erb
  Rendering cats/new.html.erb within layouts/application
  Rendered cats/new.html.erb within layouts/application (Duration: 4.6ms | Allocations: 218)
  Rendered layout layouts/application.html.erb (Duration: 53.6ms | Allocations: 1738)
Completed 200 OK in 71ms (Views: 71.0ms | ActiveRecord: 0.0ms | Allocations: 2474)


Started POST "/cats" for ::1 at 2023-02-19 09:27:11 -0500
Processing by CatsController#create as HTML
  Parameters: {"cat"=>{"name"=>"sara"}}
Can't verify CSRF token authenticity.
Completed 422 Unprocessable Entity in 1ms (Allocations: 643)



ActionController::InvalidAuthenticityToken - Can't verify CSRF token authenticity.:

Started POST "/__better_errors/7fdf38bea7c5a6dd/variables" for ::1 at 2023-02-19 09:27:12 -0500
Started GET "/cats" for ::1 at 2023-02-19 09:27:15 -0500
Processing by CatsController#index as HTML
  Rendering layout layouts/application.html.erb
  Rendering cats/index.html.erb within layouts/application
  [1m[36mCat Load (0.2ms)[0m  [1m[34mSELECT "cats".* FROM "cats"[0m
  ↳ app/views/cats/index.html.erb:3
  Rendered cats/index.html.erb within layouts/application (Duration: 10.8ms | Allocations: 3899)
  Rendered layout layouts/application.html.erb (Duration: 54.9ms | Allocations: 5206)
Completed 200 OK in 61ms (Views: 61.2ms | ActiveRecord: 2.5ms | Allocations: 5554)


Started GET "/cats/new" for ::1 at 2023-02-19 09:27:19 -0500
Processing by CatsController#new as HTML
  Rendering layout layouts/application.html.erb
  Rendering cats/new.html.erb within layouts/application
  Rendered cats/new.html.erb within layouts/application (Duration: 0.1ms | Allocations: 45)
  Rendered layout layouts/application.html.erb (Duration: 46.9ms | Allocations: 1177)
Completed 200 OK in 48ms (Views: 47.9ms | ActiveRecord: 0.0ms | Allocations: 1405)


Started GET "/cats/new" for ::1 at 2023-02-19 09:29:26 -0500
Processing by CatsController#new as HTML
  Rendering layout layouts/application.html.erb
  Rendering cats/new.html.erb within layouts/application
  Rendered cats/new.html.erb within layouts/application (Duration: 4.4ms | Allocations: 209)
  Rendered layout layouts/application.html.erb (Duration: 52.7ms | Allocations: 1754)
Completed 200 OK in 69ms (Views: 68.7ms | ActiveRecord: 0.0ms | Allocations: 2460)


Started GET "/cats/new" for ::1 at 2023-02-19 09:30:59 -0500
Processing by CatsController#new as HTML
  Rendering layout layouts/application.html.erb
  Rendering cats/new.html.erb within layouts/application
  Rendered cats/new.html.erb within layouts/application (Duration: 4.1ms | Allocations: 213)
  Rendered layout layouts/application.html.erb (Duration: 57.5ms | Allocations: 1718)
Completed 200 OK in 75ms (Views: 74.9ms | ActiveRecord: 0.0ms | Allocations: 2450)


Started GET "/cats/new" for ::1 at 2023-02-19 09:31:09 -0500
Processing by CatsController#new as HTML
  Rendering layout layouts/application.html.erb
  Rendering cats/new.html.erb within layouts/application
  Rendered cats/new.html.erb within layouts/application (Duration: 6.3ms | Allocations: 213)
  Rendered layout layouts/application.html.erb (Duration: 69.5ms | Allocations: 1752)
Completed 200 OK in 88ms (Views: 87.9ms | ActiveRecord: 0.0ms | Allocations: 2484)


Started GET "/cats/new" for ::1 at 2023-02-19 09:31:22 -0500
Processing by CatsController#new as HTML
  Rendering layout layouts/application.html.erb
  Rendering cats/new.html.erb within layouts/application
  Rendered cats/new.html.erb within layouts/application (Duration: 5.1ms | Allocations: 214)
  Rendered layout layouts/application.html.erb (Duration: 60.4ms | Allocations: 1728)
Completed 200 OK in 79ms (Views: 78.7ms | ActiveRecord: 0.0ms | Allocations: 2460)


Started GET "/cats/new" for ::1 at 2023-02-19 09:31:27 -0500
Processing by CatsController#new as HTML
  Rendering layout layouts/application.html.erb
  Rendering cats/new.html.erb within layouts/application
  Rendered cats/new.html.erb within layouts/application (Duration: 4.8ms | Allocations: 214)
  Rendered layout layouts/application.html.erb (Duration: 59.9ms | Allocations: 1737)
Completed 200 OK in 78ms (Views: 77.5ms | ActiveRecord: 0.0ms | Allocations: 2469)


Started GET "/cats/new" for ::1 at 2023-02-19 09:39:22 -0500
Processing by CatsController#new as HTML
  Rendering layout layouts/application.html.erb
  Rendering cats/new.html.erb within layouts/application
  Rendered cats/new.html.erb within layouts/application (Duration: 3.9ms | Allocations: 303)
  Rendered layout layouts/application.html.erb (Duration: 48.5ms | Allocations: 1817)
Completed 200 OK in 63ms (Views: 62.9ms | Allocations: 2540)


Started GET "/cats/new" for ::1 at 2023-02-19 09:42:21 -0500
Processing by CatsController#new as HTML
  Rendering layout layouts/application.html.erb
  Rendering cats/new.html.erb within layouts/application
  Rendered cats/new.html.erb within layouts/application (Duration: 4.8ms | Allocations: 303)
  Rendered layout layouts/application.html.erb (Duration: 58.3ms | Allocations: 1832)
Completed 200 OK in 74ms (Views: 74.1ms | Allocations: 2556)


Started GET "/cats/new" for ::1 at 2023-02-19 09:42:56 -0500
Processing by CatsController#new as HTML
  Rendering layout layouts/application.html.erb
  Rendering cats/new.html.erb within layouts/application
  Rendered cats/new.html.erb within layouts/application (Duration: 4.5ms | Allocations: 306)
  Rendered layout layouts/application.html.erb (Duration: 52.6ms | Allocations: 1827)
Completed 200 OK in 69ms (Views: 69.0ms | Allocations: 2550)


Started GET "/cats/new" for ::1 at 2023-02-19 09:43:23 -0500
Processing by CatsController#new as HTML
  Rendering layout layouts/application.html.erb
  Rendering cats/new.html.erb within layouts/application
  Rendered cats/new.html.erb within layouts/application (Duration: 5.6ms | Allocations: 303)
  Rendered layout layouts/application.html.erb (Duration: 61.5ms | Allocations: 1829)
Completed 200 OK in 81ms (Views: 81.1ms | Allocations: 2552)


Started GET "/cats/new" for ::1 at 2023-02-19 09:43:24 -0500
Processing by CatsController#new as HTML
  Rendering layout layouts/application.html.erb
  Rendering cats/new.html.erb within layouts/application
  Rendered cats/new.html.erb within layouts/application (Duration: 0.2ms | Allocations: 49)
  Rendered layout layouts/application.html.erb (Duration: 46.8ms | Allocations: 1184)
Completed 200 OK in 48ms (Views: 47.8ms | Allocations: 1427)


Started GET "/cats/new" for ::1 at 2023-02-19 09:43:30 -0500
Processing by CatsController#new as HTML
  Rendering layout layouts/application.html.erb
  Rendering cats/new.html.erb within layouts/application
  Rendered cats/new.html.erb within layouts/application (Duration: 4.6ms | Allocations: 303)
  Rendered layout layouts/application.html.erb (Duration: 53.3ms | Allocations: 1853)
Completed 200 OK in 72ms (Views: 71.4ms | Allocations: 2551)


Started GET "/cats/new" for ::1 at 2023-02-19 09:43:38 -0500
Processing by CatsController#new as HTML
  Rendering layout layouts/application.html.erb
  Rendering cats/new.html.erb within layouts/application
  Rendered cats/new.html.erb within layouts/application (Duration: 4.5ms | Allocations: 303)
  Rendered layout layouts/application.html.erb (Duration: 55.1ms | Allocations: 1827)
Completed 200 OK in 72ms (Views: 71.3ms | Allocations: 2550)


Started GET "/cats/new" for ::1 at 2023-02-19 09:43:47 -0500
Processing by CatsController#new as HTML
  Rendering layout layouts/application.html.erb
  Rendering cats/new.html.erb within layouts/application
  Rendered cats/new.html.erb within layouts/application (Duration: 3.8ms | Allocations: 304)
  Rendered layout layouts/application.html.erb (Duration: 55.0ms | Allocations: 1821)
Completed 200 OK in 74ms (Views: 73.5ms | Allocations: 2545)


Started GET "/cats/new" for ::1 at 2023-02-19 09:43:53 -0500
Processing by CatsController#new as HTML
  Rendering layout layouts/application.html.erb
  Rendering cats/new.html.erb within layouts/application
  Rendered cats/new.html.erb within layouts/application (Duration: 5.5ms | Allocations: 304)
  Rendered layout layouts/application.html.erb (Duration: 60.7ms | Allocations: 1818)
Completed 200 OK in 83ms (Views: 82.7ms | Allocations: 2541)


Started GET "/cats/new" for ::1 at 2023-02-19 09:44:04 -0500
Processing by CatsController#new as HTML
  Rendering layout layouts/application.html.erb
  Rendering cats/new.html.erb within layouts/application
  Rendered cats/new.html.erb within layouts/application (Duration: 4.6ms | Allocations: 302)
  Rendered layout layouts/application.html.erb (Duration: 57.7ms | Allocations: 1825)
Completed 200 OK in 77ms (Views: 76.2ms | Allocations: 2549)


Started GET "/cats/new" for ::1 at 2023-02-19 09:44:14 -0500
Processing by CatsController#new as HTML
  Rendering layout layouts/application.html.erb
  Rendering cats/new.html.erb within layouts/application
  Rendered cats/new.html.erb within layouts/application (Duration: 4.2ms | Allocations: 303)
  Rendered layout layouts/application.html.erb (Duration: 56.6ms | Allocations: 1820)
Completed 200 OK in 73ms (Views: 72.9ms | Allocations: 2543)


Started GET "/cats/new" for ::1 at 2023-02-19 09:45:48 -0500
Processing by CatsController#new as HTML
  Rendering layout layouts/application.html.erb
  Rendering cats/new.html.erb within layouts/application
  Rendered cats/new.html.erb within layouts/application (Duration: 4.5ms | Allocations: 304)
  Rendered layout layouts/application.html.erb (Duration: 55.1ms | Allocations: 1815)
Completed 200 OK in 73ms (Views: 73.1ms | Allocations: 2538)


Started GET "/cats/new" for ::1 at 2023-02-19 09:47:51 -0500
Processing by CatsController#new as HTML
  Rendering layout layouts/application.html.erb
  Rendering cats/new.html.erb within layouts/application
  Rendered cats/new.html.erb within layouts/application (Duration: 4.1ms | Allocations: 307)
  Rendered layout layouts/application.html.erb (Duration: 53.6ms | Allocations: 1821)
Completed 200 OK in 69ms (Views: 68.8ms | Allocations: 2545)


Started GET "/cats/new" for ::1 at 2023-02-19 09:48:45 -0500
Processing by CatsController#new as HTML
  Rendering layout layouts/application.html.erb
  Rendering cats/new.html.erb within layouts/application
  Rendered cats/new.html.erb within layouts/application (Duration: 4.8ms | Allocations: 307)
  Rendered layout layouts/application.html.erb (Duration: 56.7ms | Allocations: 1827)
Completed 200 OK in 74ms (Views: 73.5ms | Allocations: 2550)


Started GET "/cats/new" for ::1 at 2023-02-19 09:49:10 -0500
Processing by CatsController#new as HTML
  Rendering layout layouts/application.html.erb
  Rendering cats/new.html.erb within layouts/application
  Rendered cats/new.html.erb within layouts/application (Duration: 4.2ms | Allocations: 307)
  Rendered layout layouts/application.html.erb (Duration: 57.0ms | Allocations: 1833)
Completed 200 OK in 75ms (Views: 74.4ms | Allocations: 2556)


Started GET "/cats/new" for ::1 at 2023-02-19 09:49:37 -0500
Processing by CatsController#new as HTML
  Rendering layout layouts/application.html.erb
  Rendering cats/new.html.erb within layouts/application
  Rendered cats/new.html.erb within layouts/application (Duration: 4.4ms | Allocations: 307)
  Rendered layout layouts/application.html.erb (Duration: 50.5ms | Allocations: 1842)
Completed 200 OK in 66ms (Views: 65.4ms | Allocations: 2565)


Started GET "/cats/new" for ::1 at 2023-02-19 09:49:47 -0500
Processing by CatsController#new as HTML
  Rendering layout layouts/application.html.erb
  Rendering cats/new.html.erb within layouts/application
  Rendered cats/new.html.erb within layouts/application (Duration: 4.3ms | Allocations: 308)
  Rendered layout layouts/application.html.erb (Duration: 57.2ms | Allocations: 1828)
Completed 200 OK in 76ms (Views: 75.2ms | Allocations: 2551)


Started GET "/cats/1" for ::1 at 2023-02-19 10:00:37 -0500
Processing by CatsController#show as HTML
  Parameters: {"id"=>"1"}
  [1m[36mCat Load (0.2ms)[0m  [1m[34mSELECT "cats".* FROM "cats" WHERE "cats"."id" = $1 LIMIT $2[0m  [["id", 1], ["LIMIT", 1]]
  ↳ app/controllers/cats_controller.rb:8:in `show'
  Rendering layout layouts/application.html.erb
  Rendering cats/show.html.erb within layouts/application
  Rendered cats/show.html.erb within layouts/application (Duration: 3.5ms | Allocations: 184)
  Rendered layout layouts/application.html.erb (Duration: 54.0ms | Allocations: 1715)
Completed 200 OK in 113ms (Views: 70.1ms | ActiveRecord: 2.7ms | Allocations: 10024)


Started GET "/cats/1edit" for ::1 at 2023-02-19 10:00:47 -0500
Processing by CatsController#show as HTML
  Parameters: {"id"=>"1edit"}
  [1m[36mCat Load (0.2ms)[0m  [1m[34mSELECT "cats".* FROM "cats" WHERE "cats"."id" = $1 LIMIT $2[0m  [["id", 1], ["LIMIT", 1]]
  ↳ app/controllers/cats_controller.rb:8:in `show'
  Rendering layout layouts/application.html.erb
  Rendering cats/show.html.erb within layouts/application
  Rendered cats/show.html.erb within layouts/application (Duration: 0.1ms | Allocations: 13)
  Rendered layout layouts/application.html.erb (Duration: 45.8ms | Allocations: 1119)
Completed 200 OK in 49ms (Views: 46.7ms | ActiveRecord: 0.2ms | Allocations: 1901)


Started GET "/cats/1/edit" for ::1 at 2023-02-19 10:00:50 -0500
Processing by CatsController#edit as HTML
  Parameters: {"id"=>"1"}
  [1m[36mCat Load (0.3ms)[0m  [1m[34mSELECT "cats".* FROM "cats" WHERE "cats"."id" = $1 LIMIT $2[0m  [["id", 1], ["LIMIT", 1]]
  ↳ app/controllers/cats_controller.rb:18:in `edit'
  Rendering layout layouts/application.html.erb
  Rendering cats/edit.html.erb within layouts/application
  Rendered cats/edit.html.erb within layouts/application (Duration: 4.8ms | Allocations: 277)
  Rendered layout layouts/application.html.erb (Duration: 52.4ms | Allocations: 1390)
Completed 200 OK in 63ms (Views: 59.9ms | ActiveRecord: 0.3ms | Allocations: 2146)


Started GET "/cats/1/edit" for ::1 at 2023-02-19 10:01:06 -0500
Processing by CatsController#edit as HTML
  Parameters: {"id"=>"1"}
  [1m[36mCat Load (0.2ms)[0m  [1m[34mSELECT "cats".* FROM "cats" WHERE "cats"."id" = $1 LIMIT $2[0m  [["id", 1], ["LIMIT", 1]]
  ↳ app/controllers/cats_controller.rb:18:in `edit'
  Rendering layout layouts/application.html.erb
  Rendering cats/edit.html.erb within layouts/application
  Rendered cats/edit.html.erb within layouts/application (Duration: 3.6ms | Allocations: 311)
  Rendered layout layouts/application.html.erb (Duration: 53.8ms | Allocations: 1826)
Completed 200 OK in 71ms (Views: 69.4ms | ActiveRecord: 0.2ms | Allocations: 3013)


Started GET "/cats/1/edit" for ::1 at 2023-02-19 10:01:25 -0500
Processing by CatsController#edit as HTML
  Parameters: {"id"=>"1"}
  [1m[36mCat Load (0.3ms)[0m  [1m[34mSELECT "cats".* FROM "cats" WHERE "cats"."id" = $1 LIMIT $2[0m  [["id", 1], ["LIMIT", 1]]
  ↳ app/controllers/cats_controller.rb:18:in `edit'
  Rendering layout layouts/application.html.erb
  Rendering cats/edit.html.erb within layouts/application
  Rendered cats/edit.html.erb within layouts/application (Duration: 4.4ms | Allocations: 310)
  Rendered layout layouts/application.html.erb (Duration: 53.1ms | Allocations: 1822)
Completed 200 OK in 71ms (Views: 68.9ms | ActiveRecord: 0.3ms | Allocations: 3091)


Started GET "/new" for ::1 at 2023-02-19 10:01:31 -0500
  
ActionController::RoutingError (No route matches [GET] "/new"):
  
Started GET "/cats/new" for ::1 at 2023-02-19 10:01:37 -0500
Processing by CatsController#new as HTML
  Rendering layout layouts/application.html.erb
  Rendering cats/new.html.erb within layouts/application
  Rendered cats/new.html.erb within layouts/application (Duration: 4.1ms | Allocations: 267)
  Rendered layout layouts/application.html.erb (Duration: 50.2ms | Allocations: 1524)
Completed 200 OK in 58ms (Views: 57.4ms | ActiveRecord: 0.0ms | Allocations: 1862)


Started GET "/cats/1/edit" for ::1 at 2023-02-19 10:02:00 -0500
Processing by CatsController#edit as HTML
  Parameters: {"id"=>"1"}
  [1m[36mCat Load (0.3ms)[0m  [1m[34mSELECT "cats".* FROM "cats" WHERE "cats"."id" = $1 LIMIT $2[0m  [["id", 1], ["LIMIT", 1]]
  ↳ app/controllers/cats_controller.rb:18:in `edit'
  Rendering layout layouts/application.html.erb
  Rendering cats/edit.html.erb within layouts/application
  Rendered cats/edit.html.erb within layouts/application (Duration: 4.0ms | Allocations: 311)
  Rendered layout layouts/application.html.erb (Duration: 53.4ms | Allocations: 1811)
Completed 200 OK in 73ms (Views: 70.6ms | ActiveRecord: 0.3ms | Allocations: 3062)


Started PATCH "/cats" for ::1 at 2023-02-19 10:02:16 -0500
  
ActionController::RoutingError (No route matches [PATCH] "/cats"):
  
Started GET "/cats/new" for ::1 at 2023-02-19 10:03:52 -0500
Processing by CatsController#new as HTML
  Rendering layout layouts/application.html.erb
  Rendering cats/new.html.erb within layouts/application
  Rendered cats/new.html.erb within layouts/application (Duration: 4.4ms | Allocations: 308)
  Rendered layout layouts/application.html.erb (Duration: 54.1ms | Allocations: 1832)
Completed 200 OK in 73ms (Views: 72.9ms | ActiveRecord: 0.0ms | Allocations: 2565)


Started GET "/cats/1/edit" for ::1 at 2023-02-19 10:03:56 -0500
Processing by CatsController#edit as HTML
  Parameters: {"id"=>"1"}
  [1m[36mCat Load (0.2ms)[0m  [1m[34mSELECT "cats".* FROM "cats" WHERE "cats"."id" = $1 LIMIT $2[0m  [["id", 1], ["LIMIT", 1]]
  ↳ app/controllers/cats_controller.rb:18:in `edit'
  Rendering layout layouts/application.html.erb
  Rendering cats/edit.html.erb within layouts/application
  Rendered cats/edit.html.erb within layouts/application (Duration: 4.8ms | Allocations: 273)
  Rendered layout layouts/application.html.erb (Duration: 51.8ms | Allocations: 1394)
Completed 200 OK in 63ms (Views: 60.3ms | ActiveRecord: 0.2ms | Allocations: 2234)


Started GET "/cats/1/edit" for ::1 at 2023-02-19 10:04:11 -0500
Processing by CatsController#edit as HTML
  Parameters: {"id"=>"1"}
  [1m[36mCat Load (0.1ms)[0m  [1m[34mSELECT "cats".* FROM "cats" WHERE "cats"."id" = $1 LIMIT $2[0m  [["id", 1], ["LIMIT", 1]]
  ↳ app/controllers/cats_controller.rb:18:in `edit'
  Rendering layout layouts/application.html.erb
  Rendering cats/edit.html.erb within layouts/application
  Rendered cats/edit.html.erb within layouts/application (Duration: 3.8ms | Allocations: 328)
  Rendered layout layouts/application.html.erb (Duration: 52.3ms | Allocations: 1858)
Completed 200 OK in 71ms (Views: 69.3ms | ActiveRecord: 0.1ms | Allocations: 3045)


Started GET "/cats/1/edit" for ::1 at 2023-02-19 10:04:36 -0500
Processing by CatsController#edit as HTML
  Parameters: {"id"=>"1"}
  [1m[36mCat Load (0.2ms)[0m  [1m[34mSELECT "cats".* FROM "cats" WHERE "cats"."id" = $1 LIMIT $2[0m  [["id", 1], ["LIMIT", 1]]
  ↳ app/controllers/cats_controller.rb:18:in `edit'
  Rendering layout layouts/application.html.erb
  Rendering cats/edit.html.erb within layouts/application
  Rendered cats/edit.html.erb within layouts/application (Duration: 4.4ms | Allocations: 344)
  Rendered layout layouts/application.html.erb (Duration: 53.9ms | Allocations: 1850)
Completed 200 OK in 74ms (Views: 71.7ms | ActiveRecord: 0.2ms | Allocations: 3119)


Started GET "/cats/1/edit" for ::1 at 2023-02-19 10:05:35 -0500
Processing by CatsController#edit as HTML
  Parameters: {"id"=>"1"}
  [1m[36mCat Load (0.2ms)[0m  [1m[34mSELECT "cats".* FROM "cats" WHERE "cats"."id" = $1 LIMIT $2[0m  [["id", 1], ["LIMIT", 1]]
  ↳ app/controllers/cats_controller.rb:18:in `edit'
  Rendering layout layouts/application.html.erb
  Rendering cats/edit.html.erb within layouts/application
  Rendered cats/edit.html.erb within layouts/application (Duration: 3.8ms | Allocations: 375)
  Rendered layout layouts/application.html.erb (Duration: 52.7ms | Allocations: 1900)
Completed 200 OK in 72ms (Views: 70.4ms | ActiveRecord: 0.2ms | Allocations: 3169)


Started GET "/cats/1/edit" for ::1 at 2023-02-19 10:07:15 -0500
Processing by CatsController#edit as HTML
  Parameters: {"id"=>"1"}
  [1m[36mCat Load (0.2ms)[0m  [1m[34mSELECT "cats".* FROM "cats" WHERE "cats"."id" = $1 LIMIT $2[0m  [["id", 1], ["LIMIT", 1]]
  ↳ app/controllers/cats_controller.rb:18:in `edit'
  Rendering layout layouts/application.html.erb
  Rendering cats/edit.html.erb within layouts/application
  Rendered cats/edit.html.erb within layouts/application (Duration: 8.2ms | Allocations: 5410)
  Rendered layout layouts/application.html.erb (Duration: 8.9ms | Allocations: 5498)
Completed 500 Internal Server Error in 28ms (ActiveRecord: 0.2ms | Allocations: 6744)



NameError - undefined local variable or method `color' for #<ActionView::Base:0x00000000009da8>:
  app/views/cats/edit.html.erb:19
  app/controllers/cats_controller.rb:19:in `edit'

Started POST "/__better_errors/03db42919b3ba64a/variables" for ::1 at 2023-02-19 10:07:15 -0500
Started GET "/cats/1/edit" for ::1 at 2023-02-19 10:15:36 -0500
Processing by CatsController#edit as HTML
  Parameters: {"id"=>"1"}
  [1m[36mCat Load (0.2ms)[0m  [1m[34mSELECT "cats".* FROM "cats" WHERE "cats"."id" = $1 LIMIT $2[0m  [["id", 1], ["LIMIT", 1]]
  ↳ app/controllers/cats_controller.rb:18:in `edit'
  Rendering layout layouts/application.html.erb
  Rendering cats/edit.html.erb within layouts/application
  Rendered cats/edit.html.erb within layouts/application (Duration: 6.4ms | Allocations: 5521)
  Rendered layout layouts/application.html.erb (Duration: 7.1ms | Allocations: 5609)
Completed 500 Internal Server Error in 32ms (ActiveRecord: 2.6ms | Allocations: 9909)



NameError - undefined local variable or method `cat' for #<ActionView::Base:0x00000000009ec0>
Did you mean?  @cat:
  app/views/cats/edit.html.erb:21
  app/views/cats/edit.html.erb:20
  app/controllers/cats_controller.rb:19:in `edit'

Started POST "/__better_errors/68c4910b23706e97/variables" for ::1 at 2023-02-19 10:15:36 -0500
Started GET "/cats/1/edit" for ::1 at 2023-02-19 10:16:29 -0500
Processing by CatsController#edit as HTML
  Parameters: {"id"=>"1"}
  [1m[36mCat Load (0.3ms)[0m  [1m[34mSELECT "cats".* FROM "cats" WHERE "cats"."id" = $1 LIMIT $2[0m  [["id", 1], ["LIMIT", 1]]
  ↳ app/controllers/cats_controller.rb:18:in `edit'
  Rendering layout layouts/application.html.erb
  Rendering cats/edit.html.erb within layouts/application
  Rendered cats/edit.html.erb within layouts/application (Duration: 4.0ms | Allocations: 419)
  Rendered layout layouts/application.html.erb (Duration: 67.5ms | Allocations: 1932)
Completed 200 OK in 89ms (Views: 85.9ms | ActiveRecord: 0.3ms | Allocations: 3219)


Started GET "/cats/1/edit" for ::1 at 2023-02-19 10:30:51 -0500
Processing by CatsController#edit as HTML
  Parameters: {"id"=>"1"}
  [1m[36mCat Load (0.2ms)[0m  [1m[34mSELECT "cats".* FROM "cats" WHERE "cats"."id" = $1 LIMIT $2[0m  [["id", 1], ["LIMIT", 1]]
  ↳ app/controllers/cats_controller.rb:18:in `edit'
  Rendering layout layouts/application.html.erb
  Rendering cats/edit.html.erb within layouts/application
  Rendered cats/_form.html.erb (Duration: 5.0ms | Allocations: 393)
  Rendered cats/edit.html.erb within layouts/application (Duration: 16.3ms | Allocations: 659)
  Rendered layout layouts/application.html.erb (Duration: 72.0ms | Allocations: 2171)
Completed 200 OK in 103ms (Views: 89.6ms | ActiveRecord: 3.4ms | Allocations: 6430)


Started GET "/cats/new" for ::1 at 2023-02-19 10:30:58 -0500
Processing by CatsController#new as HTML
  Rendering layout layouts/application.html.erb
  Rendering cats/new.html.erb within layouts/application
  Rendered cats/new.html.erb within layouts/application (Duration: 12.3ms | Allocations: 252)
  Rendered layout layouts/application.html.erb (Duration: 58.2ms | Allocations: 1379)
Completed 200 OK in 65ms (Views: 64.9ms | ActiveRecord: 0.0ms | Allocations: 1679)


Started POST "/cats" for ::1 at 2023-02-19 10:31:09 -0500
Processing by CatsController#create as HTML
  Parameters: {"cat"=>{"name"=>"Neko", "sex"=>"M", "color"=>"Black", "birth_date"=>"2022-10-14", "description"=>""}}
Can't verify CSRF token authenticity.
Completed 422 Unprocessable Entity in 1ms (ActiveRecord: 0.0ms | Allocations: 656)



ActionController::InvalidAuthenticityToken - Can't verify CSRF token authenticity.:

Started POST "/__better_errors/fbf372488936426d/variables" for ::1 at 2023-02-19 10:31:09 -0500
Started GET "/" for ::1 at 2023-02-19 10:45:02 -0500
Processing by CatsController#index as HTML
  Rendering layout layouts/application.html.erb
  Rendering cats/index.html.erb within layouts/application
  [1m[36mCat Load (0.2ms)[0m  [1m[34mSELECT "cats".* FROM "cats"[0m
  ↳ app/views/cats/index.html.erb:3
  Rendered cats/index.html.erb within layouts/application (Duration: 17.0ms | Allocations: 3925)
  Rendered layout layouts/application.html.erb (Duration: 66.9ms | Allocations: 5439)
Completed 200 OK in 84ms (Views: 83.8ms | ActiveRecord: 2.9ms | Allocations: 6154)


Started GET "/new" for ::1 at 2023-02-19 10:45:08 -0500
  
ActionController::RoutingError (No route matches [GET] "/new"):
  
Started GET "/cats/new" for ::1 at 2023-02-19 10:45:14 -0500
Processing by CatsController#new as HTML
  Rendering layout layouts/application.html.erb
  Rendering cats/new.html.erb within layouts/application
  Rendered cats/_form.html.erb (Duration: 10.4ms | Allocations: 6476)
  Rendered cats/new.html.erb within layouts/application (Duration: 21.2ms | Allocations: 6709)
  Rendered layout layouts/application.html.erb (Duration: 22.1ms | Allocations: 6788)
Completed 500 Internal Server Error in 30ms (ActiveRecord: 0.0ms | Allocations: 7067)



NoMethodError - undefined method `persisted' for #<Cat id: nil, birth_date: nil, color: nil, name: nil, sex: nil, description: nil, created_at: nil, updated_at: nil>
Did you mean?  persisted?:
  app/views/cats/_form.html.erb:5
  app/views/cats/new.html.erb:5
  app/controllers/cats_controller.rb:14:in `new'

Started POST "/__better_errors/68b7e55b5a169e6b/variables" for ::1 at 2023-02-19 10:45:15 -0500
Started GET "/cats/new" for ::1 at 2023-02-19 10:45:32 -0500
Processing by CatsController#new as HTML
  Rendering layout layouts/application.html.erb
  Rendering cats/new.html.erb within layouts/application
  Rendered cats/_form.html.erb (Duration: 4.4ms | Allocations: 486)
  Rendered cats/new.html.erb within layouts/application (Duration: 15.6ms | Allocations: 753)
  Rendered layout layouts/application.html.erb (Duration: 68.3ms | Allocations: 2289)
Completed 200 OK in 86ms (Views: 85.6ms | ActiveRecord: 0.0ms | Allocations: 3025)


Started GET "/cats/new" for ::1 at 2023-02-19 10:46:32 -0500
Processing by CatsController#new as HTML
  Rendering layout layouts/application.html.erb
  Rendering cats/new.html.erb within layouts/application
  Rendered cats/_form.html.erb (Duration: 4.8ms | Allocations: 515)
  Rendered cats/new.html.erb within layouts/application (Duration: 15.2ms | Allocations: 781)
  Rendered layout layouts/application.html.erb (Duration: 65.3ms | Allocations: 2286)
Completed 200 OK in 83ms (Views: 82.7ms | ActiveRecord: 0.0ms | Allocations: 3019)


Started GET "/cats/new" for ::1 at 2023-02-19 10:46:43 -0500
Processing by CatsController#new as HTML
  Rendering layout layouts/application.html.erb
  Rendering cats/new.html.erb within layouts/application
  Rendered cats/_form.html.erb (Duration: 4.6ms | Allocations: 511)
  Rendered cats/new.html.erb within layouts/application (Duration: 16.0ms | Allocations: 777)
  Rendered layout layouts/application.html.erb (Duration: 68.1ms | Allocations: 2282)
Completed 200 OK in 86ms (Views: 85.6ms | ActiveRecord: 0.0ms | Allocations: 3014)


Started GET "/cats/1/edit" for ::1 at 2023-02-19 10:46:48 -0500
Processing by CatsController#edit as HTML
  Parameters: {"id"=>"1"}
  [1m[36mCat Load (0.2ms)[0m  [1m[34mSELECT "cats".* FROM "cats" WHERE "cats"."id" = $1 LIMIT $2[0m  [["id", 1], ["LIMIT", 1]]
  ↳ app/controllers/cats_controller.rb:18:in `edit'
  Rendering layout layouts/application.html.erb
  Rendering cats/edit.html.erb within layouts/application
  Rendered cats/_form.html.erb (Duration: 0.3ms | Allocations: 122)
  Rendered cats/edit.html.erb within layouts/application (Duration: 5.4ms | Allocations: 294)
  Rendered layout layouts/application.html.erb (Duration: 50.5ms | Allocations: 1397)
Completed 200 OK in 60ms (Views: 57.5ms | ActiveRecord: 0.3ms | Allocations: 2266)


Started GET "/cats" for ::1 at 2023-02-19 10:47:30 -0500
Processing by CatsController#index as HTML
  Rendering layout layouts/application.html.erb
  Rendering cats/index.html.erb within layouts/application
  [1m[36mCat Load (0.3ms)[0m  [1m[34mSELECT "cats".* FROM "cats"[0m
  ↳ app/views/cats/index.html.erb:3
  Rendered cats/index.html.erb within layouts/application (Duration: 6.5ms | Allocations: 840)
  Rendered layout layouts/application.html.erb (Duration: 53.2ms | Allocations: 1966)
Completed 200 OK in 61ms (Views: 60.6ms | ActiveRecord: 0.3ms | Allocations: 2237)


Started GET "/cats/1" for ::1 at 2023-02-19 10:47:52 -0500
Processing by CatsController#show as HTML
  Parameters: {"id"=>"1"}
  [1m[36mCat Load (0.2ms)[0m  [1m[34mSELECT "cats".* FROM "cats" WHERE "cats"."id" = $1 LIMIT $2[0m  [["id", 1], ["LIMIT", 1]]
  ↳ app/controllers/cats_controller.rb:8:in `show'
  Rendering layout layouts/application.html.erb
  Rendering cats/show.html.erb within layouts/application
  Rendered cats/show.html.erb within layouts/application (Duration: 8.7ms | Allocations: 145)
  Rendered layout layouts/application.html.erb (Duration: 57.3ms | Allocations: 1281)
Completed 200 OK in 68ms (Views: 65.4ms | ActiveRecord: 0.2ms | Allocations: 2036)


Started GET "/cats/new" for ::1 at 2023-02-19 10:47:57 -0500
Processing by CatsController#new as HTML
  Rendering layout layouts/application.html.erb
  Rendering cats/new.html.erb within layouts/application
  Rendered cats/_form.html.erb (Duration: 0.2ms | Allocations: 96)
  Rendered cats/new.html.erb within layouts/application (Duration: 0.6ms | Allocations: 156)
  Rendered layout layouts/application.html.erb (Duration: 50.0ms | Allocations: 1288)
Completed 200 OK in 51ms (Views: 51.0ms | ActiveRecord: 0.0ms | Allocations: 1513)


